<?xml version="1.0" encoding="UTF-8"?>
<testsuite xmlns:xsi="http://www.w3.org/2001/XMLSchema-instance" xsi:noNamespaceSchemaLocation="https://maven.apache.org/surefire/maven-surefire-plugin/xsd/surefire-test-report.xsd" name="com.examly.springapp.SpringApplicationTests" time="8.161" tests="4" errors="0" skipped="0" failures="3">
  <properties>
    <property name="awt.toolkit" value="sun.awt.X11.XToolkit"/>
    <property name="java.specification.version" value="11"/>
    <property name="sun.cpu.isalist" value=""/>
    <property name="sun.jnu.encoding" value="UTF-8"/>
    <property name="java.class.path" value="/home/coder/project/workspace/springapp/target/test-classes:/home/coder/project/workspace/springapp/target/classes:/home/coder/.m2/repository/org/springframework/boot/spring-boot-starter-data-jpa/2.1.15.RELEASE/spring-boot-starter-data-jpa-2.1.15.RELEASE.jar:/home/coder/.m2/repository/org/springframework/boot/spring-boot-starter-aop/2.1.15.RELEASE/spring-boot-starter-aop-2.1.15.RELEASE.jar:/home/coder/.m2/repository/org/springframework/spring-aop/5.1.16.RELEASE/spring-aop-5.1.16.RELEASE.jar:/home/coder/.m2/repository/org/aspectj/aspectjweaver/1.9.5/aspectjweaver-1.9.5.jar:/home/coder/.m2/repository/org/springframework/boot/spring-boot-starter-jdbc/2.1.15.RELEASE/spring-boot-starter-jdbc-2.1.15.RELEASE.jar:/home/coder/.m2/repository/com/zaxxer/HikariCP/3.2.0/HikariCP-3.2.0.jar:/home/coder/.m2/repository/org/springframework/spring-jdbc/5.1.16.RELEASE/spring-jdbc-5.1.16.RELEASE.jar:/home/coder/.m2/repository/javax/transaction/javax.transaction-api/1.3/javax.transaction-api-1.3.jar:/home/coder/.m2/repository/javax/xml/bind/jaxb-api/2.3.1/jaxb-api-2.3.1.jar:/home/coder/.m2/repository/javax/activation/javax.activation-api/1.2.0/javax.activation-api-1.2.0.jar:/home/coder/.m2/repository/org/hibernate/hibernate-core/5.3.17.Final/hibernate-core-5.3.17.Final.jar:/home/coder/.m2/repository/org/jboss/logging/jboss-logging/3.3.3.Final/jboss-logging-3.3.3.Final.jar:/home/coder/.m2/repository/javax/persistence/javax.persistence-api/2.2/javax.persistence-api-2.2.jar:/home/coder/.m2/repository/org/javassist/javassist/3.23.2-GA/javassist-3.23.2-GA.jar:/home/coder/.m2/repository/net/bytebuddy/byte-buddy/1.9.16/byte-buddy-1.9.16.jar:/home/coder/.m2/repository/antlr/antlr/2.7.7/antlr-2.7.7.jar:/home/coder/.m2/repository/org/jboss/jandex/2.0.5.Final/jandex-2.0.5.Final.jar:/home/coder/.m2/repository/com/fasterxml/classmate/1.4.0/classmate-1.4.0.jar:/home/coder/.m2/repository/org/dom4j/dom4j/2.1.3/dom4j-2.1.3.jar:/home/coder/.m2/repository/org/hibernate/common/hibernate-commons-annotations/5.0.4.Final/hibernate-commons-annotations-5.0.4.Final.jar:/home/coder/.m2/repository/org/glassfish/jaxb/jaxb-runtime/2.3.1/jaxb-runtime-2.3.1.jar:/home/coder/.m2/repository/org/glassfish/jaxb/txw2/2.3.1/txw2-2.3.1.jar:/home/coder/.m2/repository/com/sun/istack/istack-commons-runtime/3.0.7/istack-commons-runtime-3.0.7.jar:/home/coder/.m2/repository/org/jvnet/staxex/stax-ex/1.8/stax-ex-1.8.jar:/home/coder/.m2/repository/com/sun/xml/fastinfoset/FastInfoset/1.2.15/FastInfoset-1.2.15.jar:/home/coder/.m2/repository/org/springframework/data/spring-data-jpa/2.1.18.RELEASE/spring-data-jpa-2.1.18.RELEASE.jar:/home/coder/.m2/repository/org/springframework/data/spring-data-commons/2.1.18.RELEASE/spring-data-commons-2.1.18.RELEASE.jar:/home/coder/.m2/repository/org/springframework/spring-orm/5.1.16.RELEASE/spring-orm-5.1.16.RELEASE.jar:/home/coder/.m2/repository/org/springframework/spring-context/5.1.16.RELEASE/spring-context-5.1.16.RELEASE.jar:/home/coder/.m2/repository/org/springframework/spring-tx/5.1.16.RELEASE/spring-tx-5.1.16.RELEASE.jar:/home/coder/.m2/repository/org/springframework/spring-beans/5.1.16.RELEASE/spring-beans-5.1.16.RELEASE.jar:/home/coder/.m2/repository/org/slf4j/slf4j-api/1.7.30/slf4j-api-1.7.30.jar:/home/coder/.m2/repository/org/springframework/spring-aspects/5.1.16.RELEASE/spring-aspects-5.1.16.RELEASE.jar:/home/coder/.m2/repository/org/springframework/boot/spring-boot-starter-web/2.1.15.RELEASE/spring-boot-starter-web-2.1.15.RELEASE.jar:/home/coder/.m2/repository/org/springframework/boot/spring-boot-starter/2.1.15.RELEASE/spring-boot-starter-2.1.15.RELEASE.jar:/home/coder/.m2/repository/org/springframework/boot/spring-boot/2.1.15.RELEASE/spring-boot-2.1.15.RELEASE.jar:/home/coder/.m2/repository/org/springframework/boot/spring-boot-autoconfigure/2.1.15.RELEASE/spring-boot-autoconfigure-2.1.15.RELEASE.jar:/home/coder/.m2/repository/org/springframework/boot/spring-boot-starter-logging/2.1.15.RELEASE/spring-boot-starter-logging-2.1.15.RELEASE.jar:/home/coder/.m2/repository/ch/qos/logback/logback-classic/1.2.3/logback-classic-1.2.3.jar:/home/coder/.m2/repository/ch/qos/logback/logback-core/1.2.3/logback-core-1.2.3.jar:/home/coder/.m2/repository/org/apache/logging/log4j/log4j-to-slf4j/2.11.2/log4j-to-slf4j-2.11.2.jar:/home/coder/.m2/repository/org/apache/logging/log4j/log4j-api/2.11.2/log4j-api-2.11.2.jar:/home/coder/.m2/repository/org/slf4j/jul-to-slf4j/1.7.30/jul-to-slf4j-1.7.30.jar:/home/coder/.m2/repository/javax/annotation/javax.annotation-api/1.3.2/javax.annotation-api-1.3.2.jar:/home/coder/.m2/repository/org/yaml/snakeyaml/1.23/snakeyaml-1.23.jar:/home/coder/.m2/repository/org/springframework/boot/spring-boot-starter-json/2.1.15.RELEASE/spring-boot-starter-json-2.1.15.RELEASE.jar:/home/coder/.m2/repository/com/fasterxml/jackson/core/jackson-databind/2.9.10.4/jackson-databind-2.9.10.4.jar:/home/coder/.m2/repository/com/fasterxml/jackson/core/jackson-annotations/2.9.10/jackson-annotations-2.9.10.jar:/home/coder/.m2/repository/com/fasterxml/jackson/core/jackson-core/2.9.10/jackson-core-2.9.10.jar:/home/coder/.m2/repository/com/fasterxml/jackson/datatype/jackson-datatype-jdk8/2.9.10/jackson-datatype-jdk8-2.9.10.jar:/home/coder/.m2/repository/com/fasterxml/jackson/datatype/jackson-datatype-jsr310/2.9.10/jackson-datatype-jsr310-2.9.10.jar:/home/coder/.m2/repository/com/fasterxml/jackson/module/jackson-module-parameter-names/2.9.10/jackson-module-parameter-names-2.9.10.jar:/home/coder/.m2/repository/org/springframework/boot/spring-boot-starter-tomcat/2.1.15.RELEASE/spring-boot-starter-tomcat-2.1.15.RELEASE.jar:/home/coder/.m2/repository/org/apache/tomcat/embed/tomcat-embed-core/9.0.36/tomcat-embed-core-9.0.36.jar:/home/coder/.m2/repository/org/apache/tomcat/embed/tomcat-embed-el/9.0.36/tomcat-embed-el-9.0.36.jar:/home/coder/.m2/repository/org/apache/tomcat/embed/tomcat-embed-websocket/9.0.36/tomcat-embed-websocket-9.0.36.jar:/home/coder/.m2/repository/org/hibernate/validator/hibernate-validator/6.0.20.Final/hibernate-validator-6.0.20.Final.jar:/home/coder/.m2/repository/javax/validation/validation-api/2.0.1.Final/validation-api-2.0.1.Final.jar:/home/coder/.m2/repository/org/springframework/spring-web/5.1.16.RELEASE/spring-web-5.1.16.RELEASE.jar:/home/coder/.m2/repository/org/springframework/spring-webmvc/5.1.16.RELEASE/spring-webmvc-5.1.16.RELEASE.jar:/home/coder/.m2/repository/org/springframework/spring-expression/5.1.16.RELEASE/spring-expression-5.1.16.RELEASE.jar:/home/coder/.m2/repository/mysql/mysql-connector-java/8.0.20/mysql-connector-java-8.0.20.jar:/home/coder/.m2/repository/org/springframework/boot/spring-boot-starter-test/2.1.15.RELEASE/spring-boot-starter-test-2.1.15.RELEASE.jar:/home/coder/.m2/repository/org/springframework/boot/spring-boot-test/2.1.15.RELEASE/spring-boot-test-2.1.15.RELEASE.jar:/home/coder/.m2/repository/org/springframework/boot/spring-boot-test-autoconfigure/2.1.15.RELEASE/spring-boot-test-autoconfigure-2.1.15.RELEASE.jar:/home/coder/.m2/repository/com/jayway/jsonpath/json-path/2.4.0/json-path-2.4.0.jar:/home/coder/.m2/repository/net/minidev/json-smart/2.3/json-smart-2.3.jar:/home/coder/.m2/repository/net/minidev/accessors-smart/1.2/accessors-smart-1.2.jar:/home/coder/.m2/repository/org/ow2/asm/asm/5.0.4/asm-5.0.4.jar:/home/coder/.m2/repository/junit/junit/4.12/junit-4.12.jar:/home/coder/.m2/repository/org/assertj/assertj-core/3.11.1/assertj-core-3.11.1.jar:/home/coder/.m2/repository/org/mockito/mockito-core/2.23.4/mockito-core-2.23.4.jar:/home/coder/.m2/repository/net/bytebuddy/byte-buddy-agent/1.9.16/byte-buddy-agent-1.9.16.jar:/home/coder/.m2/repository/org/objenesis/objenesis/2.6/objenesis-2.6.jar:/home/coder/.m2/repository/org/hamcrest/hamcrest-core/1.3/hamcrest-core-1.3.jar:/home/coder/.m2/repository/org/hamcrest/hamcrest-library/1.3/hamcrest-library-1.3.jar:/home/coder/.m2/repository/org/skyscreamer/jsonassert/1.5.0/jsonassert-1.5.0.jar:/home/coder/.m2/repository/com/vaadin/external/google/android-json/0.0.20131108.vaadin1/android-json-0.0.20131108.vaadin1.jar:/home/coder/.m2/repository/org/springframework/spring-core/5.1.16.RELEASE/spring-core-5.1.16.RELEASE.jar:/home/coder/.m2/repository/org/springframework/spring-jcl/5.1.16.RELEASE/spring-jcl-5.1.16.RELEASE.jar:/home/coder/.m2/repository/org/springframework/spring-test/5.1.16.RELEASE/spring-test-5.1.16.RELEASE.jar:/home/coder/.m2/repository/org/xmlunit/xmlunit-core/2.6.4/xmlunit-core-2.6.4.jar:"/>
    <property name="java.vm.vendor" value="Debian"/>
    <property name="sun.arch.data.model" value="64"/>
    <property name="java.vendor.url" value="https://tracker.debian.org/openjdk-11"/>
    <property name="user.timezone" value=""/>
    <property name="java.vm.specification.version" value="11"/>
    <property name="os.name" value="Linux"/>
    <property name="sun.java.launcher" value="SUN_STANDARD"/>
    <property name="user.country" value="US"/>
    <property name="sun.boot.library.path" value="/usr/lib/jvm/java-11-openjdk-amd64/lib"/>
    <property name="sun.java.command" value="/home/coder/project/workspace/springapp/target/surefire/surefirebooter2361850833559124499.jar /home/coder/project/workspace/springapp/target/surefire 2023-08-08T20-30-26_329-jvmRun1 surefire18310645785066687046tmp surefire_012334128100190748211tmp"/>
    <property name="jdk.debug" value="release"/>
    <property name="surefire.test.class.path" value="/home/coder/project/workspace/springapp/target/test-classes:/home/coder/project/workspace/springapp/target/classes:/home/coder/.m2/repository/org/springframework/boot/spring-boot-starter-data-jpa/2.1.15.RELEASE/spring-boot-starter-data-jpa-2.1.15.RELEASE.jar:/home/coder/.m2/repository/org/springframework/boot/spring-boot-starter-aop/2.1.15.RELEASE/spring-boot-starter-aop-2.1.15.RELEASE.jar:/home/coder/.m2/repository/org/springframework/spring-aop/5.1.16.RELEASE/spring-aop-5.1.16.RELEASE.jar:/home/coder/.m2/repository/org/aspectj/aspectjweaver/1.9.5/aspectjweaver-1.9.5.jar:/home/coder/.m2/repository/org/springframework/boot/spring-boot-starter-jdbc/2.1.15.RELEASE/spring-boot-starter-jdbc-2.1.15.RELEASE.jar:/home/coder/.m2/repository/com/zaxxer/HikariCP/3.2.0/HikariCP-3.2.0.jar:/home/coder/.m2/repository/org/springframework/spring-jdbc/5.1.16.RELEASE/spring-jdbc-5.1.16.RELEASE.jar:/home/coder/.m2/repository/javax/transaction/javax.transaction-api/1.3/javax.transaction-api-1.3.jar:/home/coder/.m2/repository/javax/xml/bind/jaxb-api/2.3.1/jaxb-api-2.3.1.jar:/home/coder/.m2/repository/javax/activation/javax.activation-api/1.2.0/javax.activation-api-1.2.0.jar:/home/coder/.m2/repository/org/hibernate/hibernate-core/5.3.17.Final/hibernate-core-5.3.17.Final.jar:/home/coder/.m2/repository/org/jboss/logging/jboss-logging/3.3.3.Final/jboss-logging-3.3.3.Final.jar:/home/coder/.m2/repository/javax/persistence/javax.persistence-api/2.2/javax.persistence-api-2.2.jar:/home/coder/.m2/repository/org/javassist/javassist/3.23.2-GA/javassist-3.23.2-GA.jar:/home/coder/.m2/repository/net/bytebuddy/byte-buddy/1.9.16/byte-buddy-1.9.16.jar:/home/coder/.m2/repository/antlr/antlr/2.7.7/antlr-2.7.7.jar:/home/coder/.m2/repository/org/jboss/jandex/2.0.5.Final/jandex-2.0.5.Final.jar:/home/coder/.m2/repository/com/fasterxml/classmate/1.4.0/classmate-1.4.0.jar:/home/coder/.m2/repository/org/dom4j/dom4j/2.1.3/dom4j-2.1.3.jar:/home/coder/.m2/repository/org/hibernate/common/hibernate-commons-annotations/5.0.4.Final/hibernate-commons-annotations-5.0.4.Final.jar:/home/coder/.m2/repository/org/glassfish/jaxb/jaxb-runtime/2.3.1/jaxb-runtime-2.3.1.jar:/home/coder/.m2/repository/org/glassfish/jaxb/txw2/2.3.1/txw2-2.3.1.jar:/home/coder/.m2/repository/com/sun/istack/istack-commons-runtime/3.0.7/istack-commons-runtime-3.0.7.jar:/home/coder/.m2/repository/org/jvnet/staxex/stax-ex/1.8/stax-ex-1.8.jar:/home/coder/.m2/repository/com/sun/xml/fastinfoset/FastInfoset/1.2.15/FastInfoset-1.2.15.jar:/home/coder/.m2/repository/org/springframework/data/spring-data-jpa/2.1.18.RELEASE/spring-data-jpa-2.1.18.RELEASE.jar:/home/coder/.m2/repository/org/springframework/data/spring-data-commons/2.1.18.RELEASE/spring-data-commons-2.1.18.RELEASE.jar:/home/coder/.m2/repository/org/springframework/spring-orm/5.1.16.RELEASE/spring-orm-5.1.16.RELEASE.jar:/home/coder/.m2/repository/org/springframework/spring-context/5.1.16.RELEASE/spring-context-5.1.16.RELEASE.jar:/home/coder/.m2/repository/org/springframework/spring-tx/5.1.16.RELEASE/spring-tx-5.1.16.RELEASE.jar:/home/coder/.m2/repository/org/springframework/spring-beans/5.1.16.RELEASE/spring-beans-5.1.16.RELEASE.jar:/home/coder/.m2/repository/org/slf4j/slf4j-api/1.7.30/slf4j-api-1.7.30.jar:/home/coder/.m2/repository/org/springframework/spring-aspects/5.1.16.RELEASE/spring-aspects-5.1.16.RELEASE.jar:/home/coder/.m2/repository/org/springframework/boot/spring-boot-starter-web/2.1.15.RELEASE/spring-boot-starter-web-2.1.15.RELEASE.jar:/home/coder/.m2/repository/org/springframework/boot/spring-boot-starter/2.1.15.RELEASE/spring-boot-starter-2.1.15.RELEASE.jar:/home/coder/.m2/repository/org/springframework/boot/spring-boot/2.1.15.RELEASE/spring-boot-2.1.15.RELEASE.jar:/home/coder/.m2/repository/org/springframework/boot/spring-boot-autoconfigure/2.1.15.RELEASE/spring-boot-autoconfigure-2.1.15.RELEASE.jar:/home/coder/.m2/repository/org/springframework/boot/spring-boot-starter-logging/2.1.15.RELEASE/spring-boot-starter-logging-2.1.15.RELEASE.jar:/home/coder/.m2/repository/ch/qos/logback/logback-classic/1.2.3/logback-classic-1.2.3.jar:/home/coder/.m2/repository/ch/qos/logback/logback-core/1.2.3/logback-core-1.2.3.jar:/home/coder/.m2/repository/org/apache/logging/log4j/log4j-to-slf4j/2.11.2/log4j-to-slf4j-2.11.2.jar:/home/coder/.m2/repository/org/apache/logging/log4j/log4j-api/2.11.2/log4j-api-2.11.2.jar:/home/coder/.m2/repository/org/slf4j/jul-to-slf4j/1.7.30/jul-to-slf4j-1.7.30.jar:/home/coder/.m2/repository/javax/annotation/javax.annotation-api/1.3.2/javax.annotation-api-1.3.2.jar:/home/coder/.m2/repository/org/yaml/snakeyaml/1.23/snakeyaml-1.23.jar:/home/coder/.m2/repository/org/springframework/boot/spring-boot-starter-json/2.1.15.RELEASE/spring-boot-starter-json-2.1.15.RELEASE.jar:/home/coder/.m2/repository/com/fasterxml/jackson/core/jackson-databind/2.9.10.4/jackson-databind-2.9.10.4.jar:/home/coder/.m2/repository/com/fasterxml/jackson/core/jackson-annotations/2.9.10/jackson-annotations-2.9.10.jar:/home/coder/.m2/repository/com/fasterxml/jackson/core/jackson-core/2.9.10/jackson-core-2.9.10.jar:/home/coder/.m2/repository/com/fasterxml/jackson/datatype/jackson-datatype-jdk8/2.9.10/jackson-datatype-jdk8-2.9.10.jar:/home/coder/.m2/repository/com/fasterxml/jackson/datatype/jackson-datatype-jsr310/2.9.10/jackson-datatype-jsr310-2.9.10.jar:/home/coder/.m2/repository/com/fasterxml/jackson/module/jackson-module-parameter-names/2.9.10/jackson-module-parameter-names-2.9.10.jar:/home/coder/.m2/repository/org/springframework/boot/spring-boot-starter-tomcat/2.1.15.RELEASE/spring-boot-starter-tomcat-2.1.15.RELEASE.jar:/home/coder/.m2/repository/org/apache/tomcat/embed/tomcat-embed-core/9.0.36/tomcat-embed-core-9.0.36.jar:/home/coder/.m2/repository/org/apache/tomcat/embed/tomcat-embed-el/9.0.36/tomcat-embed-el-9.0.36.jar:/home/coder/.m2/repository/org/apache/tomcat/embed/tomcat-embed-websocket/9.0.36/tomcat-embed-websocket-9.0.36.jar:/home/coder/.m2/repository/org/hibernate/validator/hibernate-validator/6.0.20.Final/hibernate-validator-6.0.20.Final.jar:/home/coder/.m2/repository/javax/validation/validation-api/2.0.1.Final/validation-api-2.0.1.Final.jar:/home/coder/.m2/repository/org/springframework/spring-web/5.1.16.RELEASE/spring-web-5.1.16.RELEASE.jar:/home/coder/.m2/repository/org/springframework/spring-webmvc/5.1.16.RELEASE/spring-webmvc-5.1.16.RELEASE.jar:/home/coder/.m2/repository/org/springframework/spring-expression/5.1.16.RELEASE/spring-expression-5.1.16.RELEASE.jar:/home/coder/.m2/repository/mysql/mysql-connector-java/8.0.20/mysql-connector-java-8.0.20.jar:/home/coder/.m2/repository/org/springframework/boot/spring-boot-starter-test/2.1.15.RELEASE/spring-boot-starter-test-2.1.15.RELEASE.jar:/home/coder/.m2/repository/org/springframework/boot/spring-boot-test/2.1.15.RELEASE/spring-boot-test-2.1.15.RELEASE.jar:/home/coder/.m2/repository/org/springframework/boot/spring-boot-test-autoconfigure/2.1.15.RELEASE/spring-boot-test-autoconfigure-2.1.15.RELEASE.jar:/home/coder/.m2/repository/com/jayway/jsonpath/json-path/2.4.0/json-path-2.4.0.jar:/home/coder/.m2/repository/net/minidev/json-smart/2.3/json-smart-2.3.jar:/home/coder/.m2/repository/net/minidev/accessors-smart/1.2/accessors-smart-1.2.jar:/home/coder/.m2/repository/org/ow2/asm/asm/5.0.4/asm-5.0.4.jar:/home/coder/.m2/repository/junit/junit/4.12/junit-4.12.jar:/home/coder/.m2/repository/org/assertj/assertj-core/3.11.1/assertj-core-3.11.1.jar:/home/coder/.m2/repository/org/mockito/mockito-core/2.23.4/mockito-core-2.23.4.jar:/home/coder/.m2/repository/net/bytebuddy/byte-buddy-agent/1.9.16/byte-buddy-agent-1.9.16.jar:/home/coder/.m2/repository/org/objenesis/objenesis/2.6/objenesis-2.6.jar:/home/coder/.m2/repository/org/hamcrest/hamcrest-core/1.3/hamcrest-core-1.3.jar:/home/coder/.m2/repository/org/hamcrest/hamcrest-library/1.3/hamcrest-library-1.3.jar:/home/coder/.m2/repository/org/skyscreamer/jsonassert/1.5.0/jsonassert-1.5.0.jar:/home/coder/.m2/repository/com/vaadin/external/google/android-json/0.0.20131108.vaadin1/android-json-0.0.20131108.vaadin1.jar:/home/coder/.m2/repository/org/springframework/spring-core/5.1.16.RELEASE/spring-core-5.1.16.RELEASE.jar:/home/coder/.m2/repository/org/springframework/spring-jcl/5.1.16.RELEASE/spring-jcl-5.1.16.RELEASE.jar:/home/coder/.m2/repository/org/springframework/spring-test/5.1.16.RELEASE/spring-test-5.1.16.RELEASE.jar:/home/coder/.m2/repository/org/xmlunit/xmlunit-core/2.6.4/xmlunit-core-2.6.4.jar:"/>
    <property name="sun.cpu.endian" value="little"/>
    <property name="user.home" value="/home/coder"/>
    <property name="user.language" value="en"/>
    <property name="java.specification.vendor" value="Oracle Corporation"/>
    <property name="java.version.date" value="2023-01-17"/>
    <property name="java.home" value="/usr/lib/jvm/java-11-openjdk-amd64"/>
    <property name="file.separator" value="/"/>
    <property name="basedir" value="/home/coder/project/workspace/springapp"/>
    <property name="java.vm.compressedOopsMode" value="32-bit"/>
    <property name="line.separator" value="&#10;"/>
    <property name="java.specification.name" value="Java Platform API Specification"/>
    <property name="java.vm.specification.vendor" value="Oracle Corporation"/>
    <property name="java.awt.graphicsenv" value="sun.awt.X11GraphicsEnvironment"/>
    <property name="surefire.real.class.path" value="/home/coder/project/workspace/springapp/target/surefire/surefirebooter2361850833559124499.jar"/>
    <property name="sun.management.compiler" value="HotSpot 64-Bit Tiered Compilers"/>
    <property name="java.runtime.version" value="11.0.18+10-post-Debian-1deb11u1"/>
    <property name="user.name" value="coder"/>
    <property name="path.separator" value=":"/>
    <property name="os.version" value="5.10.162+"/>
    <property name="java.runtime.name" value="OpenJDK Runtime Environment"/>
    <property name="file.encoding" value="UTF-8"/>
    <property name="java.vm.name" value="OpenJDK 64-Bit Server VM"/>
    <property name="localRepository" value="/home/coder/.m2/repository"/>
    <property name="java.vendor.url.bug" value="https://bugs.debian.org/openjdk-11"/>
    <property name="java.io.tmpdir" value="/tmp"/>
    <property name="java.version" value="11.0.18"/>
    <property name="user.dir" value="/home/coder/project/workspace/springapp"/>
    <property name="os.arch" value="amd64"/>
    <property name="java.vm.specification.name" value="Java Virtual Machine Specification"/>
    <property name="java.awt.printerjob" value="sun.print.PSPrinterJob"/>
    <property name="sun.os.patch.level" value="unknown"/>
    <property name="java.library.path" value="/usr/java/packages/lib:/usr/lib/x86_64-linux-gnu/jni:/lib/x86_64-linux-gnu:/usr/lib/x86_64-linux-gnu:/usr/lib/jni:/lib:/usr/lib"/>
    <property name="java.vm.info" value="mixed mode, sharing"/>
    <property name="java.vendor" value="Debian"/>
    <property name="java.vm.version" value="11.0.18+10-post-Debian-1deb11u1"/>
    <property name="sun.io.unicode.encoding" value="UnicodeLittle"/>
    <property name="java.class.version" value="55.0"/>
  </properties>
  <testcase name="test_case1" classname="com.examly.springapp.SpringApplicationTests" time="0.3"/>
  <testcase name="test_case2" classname="com.examly.springapp.SpringApplicationTests" time="0.186">
    <failure message="No value at JSON path &quot;$[*].houseNo&quot;" type="java.lang.AssertionError">java.lang.AssertionError: No value at JSON path "$[*].houseNo"
	at com.examly.springapp.SpringApplicationTests.test_case2(SpringApplicationTests.java:48)
</failure>
    <system-out><![CDATA[2023-08-08 20:30:35.112  INFO 21184 --- [           main] o.h.h.i.QueryTranslatorFactoryInitiator  : HHH000397: Using ASTQueryTranslatorFactory
Hibernate: select task0_.task_id as task_id1_0_, task0_.task_date as task_dat2_0_, task0_.task_holder_name as task_hol3_0_, task0_.task_name as task_nam4_0_, task0_.task_status as task_sta5_0_ from tasks1 task0_

MockHttpServletRequest:
      HTTP Method = GET
      Request URI = /alltasks
       Parameters = {}
          Headers = [Content-Type:"application/json;charset=UTF-8", Accept:"application/json"]
             Body = null
    Session Attrs = {}

Handler:
             Type = com.examly.springapp.TaskController
           Method = public java.util.List<com.examly.springapp.Task> com.examly.springapp.TaskController.getAllSubjects()

Async:
    Async started = false
     Async result = null

Resolved Exception:
             Type = null

ModelAndView:
        View name = null
             View = null
            Model = null

FlashMap:
       Attributes = null

MockHttpServletResponse:
           Status = 200
    Error message = null
          Headers = [Content-Type:"application/json;charset=UTF-8"]
     Content type = application/json;charset=UTF-8
             Body = [{"taskId":"12211","taskHolderName":"Gowthaman M","taskDate":"4/15/2021","taskName":"Spring Projects","taskStatus":"In Progress"}]
    Forwarded URL = null
   Redirected URL = null
          Cookies = []
]]></system-out>
  </testcase>
  <testcase name="test_case3" classname="com.examly.springapp.SpringApplicationTests" time="0.028">
    <failure message="Status expected:&lt;200&gt; but was:&lt;404&gt;" type="java.lang.AssertionError"><![CDATA[java.lang.AssertionError: Status expected:<200> but was:<404>
	at com.examly.springapp.SpringApplicationTests.test_case3(SpringApplicationTests.java:62)
]]></failure>
    <system-out><![CDATA[
MockHttpServletRequest:
      HTTP Method = GET
      Request URI = /getTask
       Parameters = {taskId=[12211]}
          Headers = [Content-Type:"application/json;charset=UTF-8", Accept:"application/json"]
             Body = null
    Session Attrs = {}

Handler:
             Type = org.springframework.web.servlet.resource.ResourceHttpRequestHandler

Async:
    Async started = false
     Async result = null

Resolved Exception:
             Type = null

ModelAndView:
        View name = null
             View = null
            Model = null

FlashMap:
       Attributes = null

MockHttpServletResponse:
           Status = 404
    Error message = null
          Headers = []
     Content type = null
             Body = 
    Forwarded URL = null
   Redirected URL = null
          Cookies = []
]]></system-out>
  </testcase>
  <testcase name="test_case4" classname="com.examly.springapp.SpringApplicationTests" time="0.003">
    <failure message="Status expected:&lt;200&gt; but was:&lt;404&gt;" type="java.lang.AssertionError"><![CDATA[java.lang.AssertionError: Status expected:<200> but was:<404>
	at com.examly.springapp.SpringApplicationTests.test_case4(SpringApplicationTests.java:79)
]]></failure>
    <system-out><![CDATA[
MockHttpServletRequest:
      HTTP Method = GET
      Request URI = /deleteTask
       Parameters = {taskId=[12211]}
          Headers = [Content-Type:"application/json;charset=UTF-8", Accept:"application/json"]
             Body = null
    Session Attrs = {}

Handler:
             Type = org.springframework.web.servlet.resource.ResourceHttpRequestHandler

Async:
    Async started = false
     Async result = null

Resolved Exception:
             Type = null

ModelAndView:
        View name = null
             View = null
            Model = null

FlashMap:
       Attributes = null

MockHttpServletResponse:
           Status = 404
    Error message = null
          Headers = []
     Content type = null
             Body = 
    Forwarded URL = null
   Redirected URL = null
          Cookies = []
]]></system-out>
  </testcase>
</testsuite>