<?xml version="1.0" encoding="UTF-8"?>
<testsuite xmlns:xsi="http://www.w3.org/2001/XMLSchema-instance" xsi:noNamespaceSchemaLocation="https://maven.apache.org/surefire/maven-surefire-plugin/xsd/surefire-test-report.xsd" name="com.examly.springapp.SpringApplicationTests" time="7.265" tests="4" errors="0" skipped="0" failures="4">
  <properties>
    <property name="awt.toolkit" value="sun.awt.X11.XToolkit"/>
    <property name="java.specification.version" value="11"/>
    <property name="sun.cpu.isalist" value=""/>
    <property name="sun.jnu.encoding" value="UTF-8"/>
    <property name="java.class.path" value="/home/coder/project/workspace/springapp/target/test-classes:/home/coder/project/workspace/springapp/target/classes:/home/coder/.m2/repository/org/springframework/boot/spring-boot-starter-data-jpa/2.1.15.RELEASE/spring-boot-starter-data-jpa-2.1.15.RELEASE.jar:/home/coder/.m2/repository/org/springframework/boot/spring-boot-starter-aop/2.1.15.RELEASE/spring-boot-starter-aop-2.1.15.RELEASE.jar:/home/coder/.m2/repository/org/springframework/spring-aop/5.1.16.RELEASE/spring-aop-5.1.16.RELEASE.jar:/home/coder/.m2/repository/org/aspectj/aspectjweaver/1.9.5/aspectjweaver-1.9.5.jar:/home/coder/.m2/repository/org/springframework/boot/spring-boot-starter-jdbc/2.1.15.RELEASE/spring-boot-starter-jdbc-2.1.15.RELEASE.jar:/home/coder/.m2/repository/com/zaxxer/HikariCP/3.2.0/HikariCP-3.2.0.jar:/home/coder/.m2/repository/org/springframework/spring-jdbc/5.1.16.RELEASE/spring-jdbc-5.1.16.RELEASE.jar:/home/coder/.m2/repository/javax/transaction/javax.transaction-api/1.3/javax.transaction-api-1.3.jar:/home/coder/.m2/repository/javax/xml/bind/jaxb-api/2.3.1/jaxb-api-2.3.1.jar:/home/coder/.m2/repository/javax/activation/javax.activation-api/1.2.0/javax.activation-api-1.2.0.jar:/home/coder/.m2/repository/org/hibernate/hibernate-core/5.3.17.Final/hibernate-core-5.3.17.Final.jar:/home/coder/.m2/repository/org/jboss/logging/jboss-logging/3.3.3.Final/jboss-logging-3.3.3.Final.jar:/home/coder/.m2/repository/javax/persistence/javax.persistence-api/2.2/javax.persistence-api-2.2.jar:/home/coder/.m2/repository/org/javassist/javassist/3.23.2-GA/javassist-3.23.2-GA.jar:/home/coder/.m2/repository/net/bytebuddy/byte-buddy/1.9.16/byte-buddy-1.9.16.jar:/home/coder/.m2/repository/antlr/antlr/2.7.7/antlr-2.7.7.jar:/home/coder/.m2/repository/org/jboss/jandex/2.0.5.Final/jandex-2.0.5.Final.jar:/home/coder/.m2/repository/com/fasterxml/classmate/1.4.0/classmate-1.4.0.jar:/home/coder/.m2/repository/org/dom4j/dom4j/2.1.3/dom4j-2.1.3.jar:/home/coder/.m2/repository/org/hibernate/common/hibernate-commons-annotations/5.0.4.Final/hibernate-commons-annotations-5.0.4.Final.jar:/home/coder/.m2/repository/org/glassfish/jaxb/jaxb-runtime/2.3.1/jaxb-runtime-2.3.1.jar:/home/coder/.m2/repository/org/glassfish/jaxb/txw2/2.3.1/txw2-2.3.1.jar:/home/coder/.m2/repository/com/sun/istack/istack-commons-runtime/3.0.7/istack-commons-runtime-3.0.7.jar:/home/coder/.m2/repository/org/jvnet/staxex/stax-ex/1.8/stax-ex-1.8.jar:/home/coder/.m2/repository/com/sun/xml/fastinfoset/FastInfoset/1.2.15/FastInfoset-1.2.15.jar:/home/coder/.m2/repository/org/springframework/data/spring-data-jpa/2.1.18.RELEASE/spring-data-jpa-2.1.18.RELEASE.jar:/home/coder/.m2/repository/org/springframework/data/spring-data-commons/2.1.18.RELEASE/spring-data-commons-2.1.18.RELEASE.jar:/home/coder/.m2/repository/org/springframework/spring-orm/5.1.16.RELEASE/spring-orm-5.1.16.RELEASE.jar:/home/coder/.m2/repository/org/springframework/spring-context/5.1.16.RELEASE/spring-context-5.1.16.RELEASE.jar:/home/coder/.m2/repository/org/springframework/spring-tx/5.1.16.RELEASE/spring-tx-5.1.16.RELEASE.jar:/home/coder/.m2/repository/org/springframework/spring-beans/5.1.16.RELEASE/spring-beans-5.1.16.RELEASE.jar:/home/coder/.m2/repository/org/slf4j/slf4j-api/1.7.30/slf4j-api-1.7.30.jar:/home/coder/.m2/repository/org/springframework/spring-aspects/5.1.16.RELEASE/spring-aspects-5.1.16.RELEASE.jar:/home/coder/.m2/repository/org/springframework/boot/spring-boot-starter-web/2.1.15.RELEASE/spring-boot-starter-web-2.1.15.RELEASE.jar:/home/coder/.m2/repository/org/springframework/boot/spring-boot-starter/2.1.15.RELEASE/spring-boot-starter-2.1.15.RELEASE.jar:/home/coder/.m2/repository/org/springframework/boot/spring-boot/2.1.15.RELEASE/spring-boot-2.1.15.RELEASE.jar:/home/coder/.m2/repository/org/springframework/boot/spring-boot-autoconfigure/2.1.15.RELEASE/spring-boot-autoconfigure-2.1.15.RELEASE.jar:/home/coder/.m2/repository/org/springframework/boot/spring-boot-starter-logging/2.1.15.RELEASE/spring-boot-starter-logging-2.1.15.RELEASE.jar:/home/coder/.m2/repository/ch/qos/logback/logback-classic/1.2.3/logback-classic-1.2.3.jar:/home/coder/.m2/repository/ch/qos/logback/logback-core/1.2.3/logback-core-1.2.3.jar:/home/coder/.m2/repository/org/apache/logging/log4j/log4j-to-slf4j/2.11.2/log4j-to-slf4j-2.11.2.jar:/home/coder/.m2/repository/org/apache/logging/log4j/log4j-api/2.11.2/log4j-api-2.11.2.jar:/home/coder/.m2/repository/org/slf4j/jul-to-slf4j/1.7.30/jul-to-slf4j-1.7.30.jar:/home/coder/.m2/repository/javax/annotation/javax.annotation-api/1.3.2/javax.annotation-api-1.3.2.jar:/home/coder/.m2/repository/org/yaml/snakeyaml/1.23/snakeyaml-1.23.jar:/home/coder/.m2/repository/org/springframework/boot/spring-boot-starter-json/2.1.15.RELEASE/spring-boot-starter-json-2.1.15.RELEASE.jar:/home/coder/.m2/repository/com/fasterxml/jackson/core/jackson-databind/2.9.10.4/jackson-databind-2.9.10.4.jar:/home/coder/.m2/repository/com/fasterxml/jackson/core/jackson-annotations/2.9.10/jackson-annotations-2.9.10.jar:/home/coder/.m2/repository/com/fasterxml/jackson/core/jackson-core/2.9.10/jackson-core-2.9.10.jar:/home/coder/.m2/repository/com/fasterxml/jackson/datatype/jackson-datatype-jdk8/2.9.10/jackson-datatype-jdk8-2.9.10.jar:/home/coder/.m2/repository/com/fasterxml/jackson/datatype/jackson-datatype-jsr310/2.9.10/jackson-datatype-jsr310-2.9.10.jar:/home/coder/.m2/repository/com/fasterxml/jackson/module/jackson-module-parameter-names/2.9.10/jackson-module-parameter-names-2.9.10.jar:/home/coder/.m2/repository/org/springframework/boot/spring-boot-starter-tomcat/2.1.15.RELEASE/spring-boot-starter-tomcat-2.1.15.RELEASE.jar:/home/coder/.m2/repository/org/apache/tomcat/embed/tomcat-embed-core/9.0.36/tomcat-embed-core-9.0.36.jar:/home/coder/.m2/repository/org/apache/tomcat/embed/tomcat-embed-el/9.0.36/tomcat-embed-el-9.0.36.jar:/home/coder/.m2/repository/org/apache/tomcat/embed/tomcat-embed-websocket/9.0.36/tomcat-embed-websocket-9.0.36.jar:/home/coder/.m2/repository/org/hibernate/validator/hibernate-validator/6.0.20.Final/hibernate-validator-6.0.20.Final.jar:/home/coder/.m2/repository/javax/validation/validation-api/2.0.1.Final/validation-api-2.0.1.Final.jar:/home/coder/.m2/repository/org/springframework/spring-web/5.1.16.RELEASE/spring-web-5.1.16.RELEASE.jar:/home/coder/.m2/repository/org/springframework/spring-webmvc/5.1.16.RELEASE/spring-webmvc-5.1.16.RELEASE.jar:/home/coder/.m2/repository/org/springframework/spring-expression/5.1.16.RELEASE/spring-expression-5.1.16.RELEASE.jar:/home/coder/.m2/repository/mysql/mysql-connector-java/8.0.20/mysql-connector-java-8.0.20.jar:/home/coder/.m2/repository/org/springframework/boot/spring-boot-starter-test/2.1.15.RELEASE/spring-boot-starter-test-2.1.15.RELEASE.jar:/home/coder/.m2/repository/org/springframework/boot/spring-boot-test/2.1.15.RELEASE/spring-boot-test-2.1.15.RELEASE.jar:/home/coder/.m2/repository/org/springframework/boot/spring-boot-test-autoconfigure/2.1.15.RELEASE/spring-boot-test-autoconfigure-2.1.15.RELEASE.jar:/home/coder/.m2/repository/com/jayway/jsonpath/json-path/2.4.0/json-path-2.4.0.jar:/home/coder/.m2/repository/net/minidev/json-smart/2.3/json-smart-2.3.jar:/home/coder/.m2/repository/net/minidev/accessors-smart/1.2/accessors-smart-1.2.jar:/home/coder/.m2/repository/org/ow2/asm/asm/5.0.4/asm-5.0.4.jar:/home/coder/.m2/repository/junit/junit/4.12/junit-4.12.jar:/home/coder/.m2/repository/org/assertj/assertj-core/3.11.1/assertj-core-3.11.1.jar:/home/coder/.m2/repository/org/mockito/mockito-core/2.23.4/mockito-core-2.23.4.jar:/home/coder/.m2/repository/net/bytebuddy/byte-buddy-agent/1.9.16/byte-buddy-agent-1.9.16.jar:/home/coder/.m2/repository/org/objenesis/objenesis/2.6/objenesis-2.6.jar:/home/coder/.m2/repository/org/hamcrest/hamcrest-core/1.3/hamcrest-core-1.3.jar:/home/coder/.m2/repository/org/hamcrest/hamcrest-library/1.3/hamcrest-library-1.3.jar:/home/coder/.m2/repository/org/skyscreamer/jsonassert/1.5.0/jsonassert-1.5.0.jar:/home/coder/.m2/repository/com/vaadin/external/google/android-json/0.0.20131108.vaadin1/android-json-0.0.20131108.vaadin1.jar:/home/coder/.m2/repository/org/springframework/spring-core/5.1.16.RELEASE/spring-core-5.1.16.RELEASE.jar:/home/coder/.m2/repository/org/springframework/spring-jcl/5.1.16.RELEASE/spring-jcl-5.1.16.RELEASE.jar:/home/coder/.m2/repository/org/springframework/spring-test/5.1.16.RELEASE/spring-test-5.1.16.RELEASE.jar:/home/coder/.m2/repository/org/xmlunit/xmlunit-core/2.6.4/xmlunit-core-2.6.4.jar:"/>
    <property name="java.vm.vendor" value="Debian"/>
    <property name="sun.arch.data.model" value="64"/>
    <property name="java.vendor.url" value="https://tracker.debian.org/openjdk-11"/>
    <property name="user.timezone" value=""/>
    <property name="java.vm.specification.version" value="11"/>
    <property name="os.name" value="Linux"/>
    <property name="sun.java.launcher" value="SUN_STANDARD"/>
    <property name="user.country" value="US"/>
    <property name="sun.boot.library.path" value="/usr/lib/jvm/java-11-openjdk-amd64/lib"/>
    <property name="sun.java.command" value="/home/coder/project/workspace/springapp/target/surefire/surefirebooter16160073594215999350.jar /home/coder/project/workspace/springapp/target/surefire 2023-08-08T20-09-57_730-jvmRun1 surefire3628882717789010265tmp surefire_05653381298295399599tmp"/>
    <property name="jdk.debug" value="release"/>
    <property name="surefire.test.class.path" value="/home/coder/project/workspace/springapp/target/test-classes:/home/coder/project/workspace/springapp/target/classes:/home/coder/.m2/repository/org/springframework/boot/spring-boot-starter-data-jpa/2.1.15.RELEASE/spring-boot-starter-data-jpa-2.1.15.RELEASE.jar:/home/coder/.m2/repository/org/springframework/boot/spring-boot-starter-aop/2.1.15.RELEASE/spring-boot-starter-aop-2.1.15.RELEASE.jar:/home/coder/.m2/repository/org/springframework/spring-aop/5.1.16.RELEASE/spring-aop-5.1.16.RELEASE.jar:/home/coder/.m2/repository/org/aspectj/aspectjweaver/1.9.5/aspectjweaver-1.9.5.jar:/home/coder/.m2/repository/org/springframework/boot/spring-boot-starter-jdbc/2.1.15.RELEASE/spring-boot-starter-jdbc-2.1.15.RELEASE.jar:/home/coder/.m2/repository/com/zaxxer/HikariCP/3.2.0/HikariCP-3.2.0.jar:/home/coder/.m2/repository/org/springframework/spring-jdbc/5.1.16.RELEASE/spring-jdbc-5.1.16.RELEASE.jar:/home/coder/.m2/repository/javax/transaction/javax.transaction-api/1.3/javax.transaction-api-1.3.jar:/home/coder/.m2/repository/javax/xml/bind/jaxb-api/2.3.1/jaxb-api-2.3.1.jar:/home/coder/.m2/repository/javax/activation/javax.activation-api/1.2.0/javax.activation-api-1.2.0.jar:/home/coder/.m2/repository/org/hibernate/hibernate-core/5.3.17.Final/hibernate-core-5.3.17.Final.jar:/home/coder/.m2/repository/org/jboss/logging/jboss-logging/3.3.3.Final/jboss-logging-3.3.3.Final.jar:/home/coder/.m2/repository/javax/persistence/javax.persistence-api/2.2/javax.persistence-api-2.2.jar:/home/coder/.m2/repository/org/javassist/javassist/3.23.2-GA/javassist-3.23.2-GA.jar:/home/coder/.m2/repository/net/bytebuddy/byte-buddy/1.9.16/byte-buddy-1.9.16.jar:/home/coder/.m2/repository/antlr/antlr/2.7.7/antlr-2.7.7.jar:/home/coder/.m2/repository/org/jboss/jandex/2.0.5.Final/jandex-2.0.5.Final.jar:/home/coder/.m2/repository/com/fasterxml/classmate/1.4.0/classmate-1.4.0.jar:/home/coder/.m2/repository/org/dom4j/dom4j/2.1.3/dom4j-2.1.3.jar:/home/coder/.m2/repository/org/hibernate/common/hibernate-commons-annotations/5.0.4.Final/hibernate-commons-annotations-5.0.4.Final.jar:/home/coder/.m2/repository/org/glassfish/jaxb/jaxb-runtime/2.3.1/jaxb-runtime-2.3.1.jar:/home/coder/.m2/repository/org/glassfish/jaxb/txw2/2.3.1/txw2-2.3.1.jar:/home/coder/.m2/repository/com/sun/istack/istack-commons-runtime/3.0.7/istack-commons-runtime-3.0.7.jar:/home/coder/.m2/repository/org/jvnet/staxex/stax-ex/1.8/stax-ex-1.8.jar:/home/coder/.m2/repository/com/sun/xml/fastinfoset/FastInfoset/1.2.15/FastInfoset-1.2.15.jar:/home/coder/.m2/repository/org/springframework/data/spring-data-jpa/2.1.18.RELEASE/spring-data-jpa-2.1.18.RELEASE.jar:/home/coder/.m2/repository/org/springframework/data/spring-data-commons/2.1.18.RELEASE/spring-data-commons-2.1.18.RELEASE.jar:/home/coder/.m2/repository/org/springframework/spring-orm/5.1.16.RELEASE/spring-orm-5.1.16.RELEASE.jar:/home/coder/.m2/repository/org/springframework/spring-context/5.1.16.RELEASE/spring-context-5.1.16.RELEASE.jar:/home/coder/.m2/repository/org/springframework/spring-tx/5.1.16.RELEASE/spring-tx-5.1.16.RELEASE.jar:/home/coder/.m2/repository/org/springframework/spring-beans/5.1.16.RELEASE/spring-beans-5.1.16.RELEASE.jar:/home/coder/.m2/repository/org/slf4j/slf4j-api/1.7.30/slf4j-api-1.7.30.jar:/home/coder/.m2/repository/org/springframework/spring-aspects/5.1.16.RELEASE/spring-aspects-5.1.16.RELEASE.jar:/home/coder/.m2/repository/org/springframework/boot/spring-boot-starter-web/2.1.15.RELEASE/spring-boot-starter-web-2.1.15.RELEASE.jar:/home/coder/.m2/repository/org/springframework/boot/spring-boot-starter/2.1.15.RELEASE/spring-boot-starter-2.1.15.RELEASE.jar:/home/coder/.m2/repository/org/springframework/boot/spring-boot/2.1.15.RELEASE/spring-boot-2.1.15.RELEASE.jar:/home/coder/.m2/repository/org/springframework/boot/spring-boot-autoconfigure/2.1.15.RELEASE/spring-boot-autoconfigure-2.1.15.RELEASE.jar:/home/coder/.m2/repository/org/springframework/boot/spring-boot-starter-logging/2.1.15.RELEASE/spring-boot-starter-logging-2.1.15.RELEASE.jar:/home/coder/.m2/repository/ch/qos/logback/logback-classic/1.2.3/logback-classic-1.2.3.jar:/home/coder/.m2/repository/ch/qos/logback/logback-core/1.2.3/logback-core-1.2.3.jar:/home/coder/.m2/repository/org/apache/logging/log4j/log4j-to-slf4j/2.11.2/log4j-to-slf4j-2.11.2.jar:/home/coder/.m2/repository/org/apache/logging/log4j/log4j-api/2.11.2/log4j-api-2.11.2.jar:/home/coder/.m2/repository/org/slf4j/jul-to-slf4j/1.7.30/jul-to-slf4j-1.7.30.jar:/home/coder/.m2/repository/javax/annotation/javax.annotation-api/1.3.2/javax.annotation-api-1.3.2.jar:/home/coder/.m2/repository/org/yaml/snakeyaml/1.23/snakeyaml-1.23.jar:/home/coder/.m2/repository/org/springframework/boot/spring-boot-starter-json/2.1.15.RELEASE/spring-boot-starter-json-2.1.15.RELEASE.jar:/home/coder/.m2/repository/com/fasterxml/jackson/core/jackson-databind/2.9.10.4/jackson-databind-2.9.10.4.jar:/home/coder/.m2/repository/com/fasterxml/jackson/core/jackson-annotations/2.9.10/jackson-annotations-2.9.10.jar:/home/coder/.m2/repository/com/fasterxml/jackson/core/jackson-core/2.9.10/jackson-core-2.9.10.jar:/home/coder/.m2/repository/com/fasterxml/jackson/datatype/jackson-datatype-jdk8/2.9.10/jackson-datatype-jdk8-2.9.10.jar:/home/coder/.m2/repository/com/fasterxml/jackson/datatype/jackson-datatype-jsr310/2.9.10/jackson-datatype-jsr310-2.9.10.jar:/home/coder/.m2/repository/com/fasterxml/jackson/module/jackson-module-parameter-names/2.9.10/jackson-module-parameter-names-2.9.10.jar:/home/coder/.m2/repository/org/springframework/boot/spring-boot-starter-tomcat/2.1.15.RELEASE/spring-boot-starter-tomcat-2.1.15.RELEASE.jar:/home/coder/.m2/repository/org/apache/tomcat/embed/tomcat-embed-core/9.0.36/tomcat-embed-core-9.0.36.jar:/home/coder/.m2/repository/org/apache/tomcat/embed/tomcat-embed-el/9.0.36/tomcat-embed-el-9.0.36.jar:/home/coder/.m2/repository/org/apache/tomcat/embed/tomcat-embed-websocket/9.0.36/tomcat-embed-websocket-9.0.36.jar:/home/coder/.m2/repository/org/hibernate/validator/hibernate-validator/6.0.20.Final/hibernate-validator-6.0.20.Final.jar:/home/coder/.m2/repository/javax/validation/validation-api/2.0.1.Final/validation-api-2.0.1.Final.jar:/home/coder/.m2/repository/org/springframework/spring-web/5.1.16.RELEASE/spring-web-5.1.16.RELEASE.jar:/home/coder/.m2/repository/org/springframework/spring-webmvc/5.1.16.RELEASE/spring-webmvc-5.1.16.RELEASE.jar:/home/coder/.m2/repository/org/springframework/spring-expression/5.1.16.RELEASE/spring-expression-5.1.16.RELEASE.jar:/home/coder/.m2/repository/mysql/mysql-connector-java/8.0.20/mysql-connector-java-8.0.20.jar:/home/coder/.m2/repository/org/springframework/boot/spring-boot-starter-test/2.1.15.RELEASE/spring-boot-starter-test-2.1.15.RELEASE.jar:/home/coder/.m2/repository/org/springframework/boot/spring-boot-test/2.1.15.RELEASE/spring-boot-test-2.1.15.RELEASE.jar:/home/coder/.m2/repository/org/springframework/boot/spring-boot-test-autoconfigure/2.1.15.RELEASE/spring-boot-test-autoconfigure-2.1.15.RELEASE.jar:/home/coder/.m2/repository/com/jayway/jsonpath/json-path/2.4.0/json-path-2.4.0.jar:/home/coder/.m2/repository/net/minidev/json-smart/2.3/json-smart-2.3.jar:/home/coder/.m2/repository/net/minidev/accessors-smart/1.2/accessors-smart-1.2.jar:/home/coder/.m2/repository/org/ow2/asm/asm/5.0.4/asm-5.0.4.jar:/home/coder/.m2/repository/junit/junit/4.12/junit-4.12.jar:/home/coder/.m2/repository/org/assertj/assertj-core/3.11.1/assertj-core-3.11.1.jar:/home/coder/.m2/repository/org/mockito/mockito-core/2.23.4/mockito-core-2.23.4.jar:/home/coder/.m2/repository/net/bytebuddy/byte-buddy-agent/1.9.16/byte-buddy-agent-1.9.16.jar:/home/coder/.m2/repository/org/objenesis/objenesis/2.6/objenesis-2.6.jar:/home/coder/.m2/repository/org/hamcrest/hamcrest-core/1.3/hamcrest-core-1.3.jar:/home/coder/.m2/repository/org/hamcrest/hamcrest-library/1.3/hamcrest-library-1.3.jar:/home/coder/.m2/repository/org/skyscreamer/jsonassert/1.5.0/jsonassert-1.5.0.jar:/home/coder/.m2/repository/com/vaadin/external/google/android-json/0.0.20131108.vaadin1/android-json-0.0.20131108.vaadin1.jar:/home/coder/.m2/repository/org/springframework/spring-core/5.1.16.RELEASE/spring-core-5.1.16.RELEASE.jar:/home/coder/.m2/repository/org/springframework/spring-jcl/5.1.16.RELEASE/spring-jcl-5.1.16.RELEASE.jar:/home/coder/.m2/repository/org/springframework/spring-test/5.1.16.RELEASE/spring-test-5.1.16.RELEASE.jar:/home/coder/.m2/repository/org/xmlunit/xmlunit-core/2.6.4/xmlunit-core-2.6.4.jar:"/>
    <property name="sun.cpu.endian" value="little"/>
    <property name="user.home" value="/home/coder"/>
    <property name="user.language" value="en"/>
    <property name="java.specification.vendor" value="Oracle Corporation"/>
    <property name="java.version.date" value="2023-01-17"/>
    <property name="java.home" value="/usr/lib/jvm/java-11-openjdk-amd64"/>
    <property name="file.separator" value="/"/>
    <property name="basedir" value="/home/coder/project/workspace/springapp"/>
    <property name="java.vm.compressedOopsMode" value="32-bit"/>
    <property name="line.separator" value="&#10;"/>
    <property name="java.specification.name" value="Java Platform API Specification"/>
    <property name="java.vm.specification.vendor" value="Oracle Corporation"/>
    <property name="java.awt.graphicsenv" value="sun.awt.X11GraphicsEnvironment"/>
    <property name="surefire.real.class.path" value="/home/coder/project/workspace/springapp/target/surefire/surefirebooter16160073594215999350.jar"/>
    <property name="sun.management.compiler" value="HotSpot 64-Bit Tiered Compilers"/>
    <property name="java.runtime.version" value="11.0.18+10-post-Debian-1deb11u1"/>
    <property name="user.name" value="coder"/>
    <property name="path.separator" value=":"/>
    <property name="os.version" value="5.10.162+"/>
    <property name="java.runtime.name" value="OpenJDK Runtime Environment"/>
    <property name="file.encoding" value="UTF-8"/>
    <property name="java.vm.name" value="OpenJDK 64-Bit Server VM"/>
    <property name="localRepository" value="/home/coder/.m2/repository"/>
    <property name="java.vendor.url.bug" value="https://bugs.debian.org/openjdk-11"/>
    <property name="java.io.tmpdir" value="/tmp"/>
    <property name="java.version" value="11.0.18"/>
    <property name="user.dir" value="/home/coder/project/workspace/springapp"/>
    <property name="os.arch" value="amd64"/>
    <property name="java.vm.specification.name" value="Java Virtual Machine Specification"/>
    <property name="java.awt.printerjob" value="sun.print.PSPrinterJob"/>
    <property name="sun.os.patch.level" value="unknown"/>
    <property name="java.library.path" value="/usr/java/packages/lib:/usr/lib/x86_64-linux-gnu/jni:/lib/x86_64-linux-gnu:/usr/lib/x86_64-linux-gnu:/usr/lib/jni:/lib:/usr/lib"/>
    <property name="java.vm.info" value="mixed mode, sharing"/>
    <property name="java.vendor" value="Debian"/>
    <property name="java.vm.version" value="11.0.18+10-post-Debian-1deb11u1"/>
    <property name="sun.io.unicode.encoding" value="UnicodeLittle"/>
    <property name="java.class.version" value="55.0"/>
  </properties>
  <testcase name="test_case1" classname="com.examly.springapp.SpringApplicationTests" time="0.47">
    <failure message="Status expected:&lt;200&gt; but was:&lt;404&gt;" type="java.lang.AssertionError"><![CDATA[java.lang.AssertionError: Status expected:<200> but was:<404>
	at com.examly.springapp.SpringApplicationTests.test_case1(SpringApplicationTests.java:34)
]]></failure>
    <system-out><![CDATA[20:09:58.864 [main] DEBUG org.springframework.test.context.junit4.SpringJUnit4ClassRunner - SpringJUnit4ClassRunner constructor called with [class com.examly.springapp.SpringApplicationTests]
20:09:58.870 [main] DEBUG org.springframework.test.context.BootstrapUtils - Instantiating CacheAwareContextLoaderDelegate from class [org.springframework.test.context.cache.DefaultCacheAwareContextLoaderDelegate]
20:09:58.920 [main] DEBUG org.springframework.test.context.BootstrapUtils - Instantiating BootstrapContext using constructor [public org.springframework.test.context.support.DefaultBootstrapContext(java.lang.Class,org.springframework.test.context.CacheAwareContextLoaderDelegate)]
20:09:58.953 [main] DEBUG org.springframework.test.context.BootstrapUtils - Instantiating TestContextBootstrapper for test class [com.examly.springapp.SpringApplicationTests] from class [org.springframework.boot.test.context.SpringBootTestContextBootstrapper]
20:09:58.967 [main] INFO org.springframework.boot.test.context.SpringBootTestContextBootstrapper - Neither @ContextConfiguration nor @ContextHierarchy found for test class [com.examly.springapp.SpringApplicationTests], using SpringBootContextLoader
20:09:58.975 [main] DEBUG org.springframework.test.context.support.AbstractContextLoader - Did not detect default resource location for test class [com.examly.springapp.SpringApplicationTests]: class path resource [com/examly/springapp/SpringApplicationTests-context.xml] does not exist
20:09:58.979 [main] DEBUG org.springframework.test.context.support.AbstractContextLoader - Did not detect default resource location for test class [com.examly.springapp.SpringApplicationTests]: class path resource [com/examly/springapp/SpringApplicationTestsContext.groovy] does not exist
20:09:58.979 [main] INFO org.springframework.test.context.support.AbstractContextLoader - Could not detect default resource locations for test class [com.examly.springapp.SpringApplicationTests]: no resource found for suffixes {-context.xml, Context.groovy}.
20:09:59.137 [main] DEBUG org.springframework.test.context.support.ActiveProfilesUtils - Could not find an 'annotation declaring class' for annotation type [org.springframework.test.context.ActiveProfiles] and class [com.examly.springapp.SpringApplicationTests]
20:09:59.292 [main] DEBUG org.springframework.boot.test.context.SpringBootTestContextBootstrapper - @TestExecutionListeners is not present for class [com.examly.springapp.SpringApplicationTests]: using defaults.
20:09:59.293 [main] INFO org.springframework.boot.test.context.SpringBootTestContextBootstrapper - Loaded default TestExecutionListener class names from location [META-INF/spring.factories]: [org.springframework.boot.test.mock.mockito.MockitoTestExecutionListener, org.springframework.boot.test.mock.mockito.ResetMocksTestExecutionListener, org.springframework.boot.test.autoconfigure.restdocs.RestDocsTestExecutionListener, org.springframework.boot.test.autoconfigure.web.client.MockRestServiceServerResetTestExecutionListener, org.springframework.boot.test.autoconfigure.web.servlet.MockMvcPrintOnlyOnFailureTestExecutionListener, org.springframework.boot.test.autoconfigure.web.servlet.WebDriverTestExecutionListener, org.springframework.test.context.web.ServletTestExecutionListener, org.springframework.test.context.support.DirtiesContextBeforeModesTestExecutionListener, org.springframework.test.context.support.DependencyInjectionTestExecutionListener, org.springframework.test.context.support.DirtiesContextTestExecutionListener, org.springframework.test.context.transaction.TransactionalTestExecutionListener, org.springframework.test.context.jdbc.SqlScriptsTestExecutionListener]
20:09:59.337 [main] INFO org.springframework.boot.test.context.SpringBootTestContextBootstrapper - Using TestExecutionListeners: [org.springframework.test.context.web.ServletTestExecutionListener@ea6147e, org.springframework.test.context.support.DirtiesContextBeforeModesTestExecutionListener@4d02f94e, org.springframework.boot.test.mock.mockito.MockitoTestExecutionListener@2b48a640, org.springframework.boot.test.autoconfigure.SpringBootDependencyInjectionTestExecutionListener@1e683a3e, org.springframework.test.context.support.DirtiesContextTestExecutionListener@2053d869, org.springframework.test.context.transaction.TransactionalTestExecutionListener@7a419da4, org.springframework.test.context.jdbc.SqlScriptsTestExecutionListener@14555e0a, org.springframework.boot.test.mock.mockito.ResetMocksTestExecutionListener@4bb33f74, org.springframework.boot.test.autoconfigure.restdocs.RestDocsTestExecutionListener@759d26fb, org.springframework.boot.test.autoconfigure.web.client.MockRestServiceServerResetTestExecutionListener@3c73951, org.springframework.boot.test.autoconfigure.web.servlet.MockMvcPrintOnlyOnFailureTestExecutionListener@3d5c822d, org.springframework.boot.test.autoconfigure.web.servlet.WebDriverTestExecutionListener@6f46426d]
20:09:59.342 [main] DEBUG org.springframework.test.annotation.ProfileValueUtils - Retrieved @ProfileValueSourceConfiguration [null] for test class [com.examly.springapp.SpringApplicationTests]
20:09:59.344 [main] DEBUG org.springframework.test.annotation.ProfileValueUtils - Retrieved ProfileValueSource type [class org.springframework.test.annotation.SystemProfileValueSource] for class [com.examly.springapp.SpringApplicationTests]
20:09:59.349 [main] DEBUG org.springframework.test.annotation.ProfileValueUtils - Retrieved @ProfileValueSourceConfiguration [null] for test class [com.examly.springapp.SpringApplicationTests]
20:09:59.349 [main] DEBUG org.springframework.test.annotation.ProfileValueUtils - Retrieved ProfileValueSource type [class org.springframework.test.annotation.SystemProfileValueSource] for class [com.examly.springapp.SpringApplicationTests]
20:09:59.350 [main] DEBUG org.springframework.test.annotation.ProfileValueUtils - Retrieved @ProfileValueSourceConfiguration [null] for test class [com.examly.springapp.SpringApplicationTests]
20:09:59.351 [main] DEBUG org.springframework.test.annotation.ProfileValueUtils - Retrieved ProfileValueSource type [class org.springframework.test.annotation.SystemProfileValueSource] for class [com.examly.springapp.SpringApplicationTests]
20:09:59.358 [main] DEBUG org.springframework.test.context.support.AbstractDirtiesContextTestExecutionListener - Before test class: context [DefaultTestContext@20ccf40b testClass = SpringApplicationTests, testInstance = [null], testMethod = [null], testException = [null], mergedContextConfiguration = [WebMergedContextConfiguration@2fb3536e testClass = SpringApplicationTests, locations = '{}', classes = '{class com.examly.springapp.SpringappApplication, class com.examly.springapp.SpringappApplication}', contextInitializerClasses = '[]', activeProfiles = '{}', propertySourceLocations = '{}', propertySourceProperties = '{org.springframework.boot.test.context.SpringBootTestContextBootstrapper=true}', contextCustomizers = set[[ImportsContextCustomizer@169e6180 key = [org.springframework.boot.test.autoconfigure.web.servlet.MockMvcAutoConfiguration, org.springframework.boot.test.autoconfigure.web.servlet.MockMvcSecurityAutoConfiguration, org.springframework.boot.test.autoconfigure.web.servlet.MockMvcWebClientAutoConfiguration, org.springframework.boot.test.autoconfigure.web.servlet.MockMvcWebDriverAutoConfiguration]], org.springframework.boot.test.context.filter.ExcludeFilterContextCustomizer@6ac13091, org.springframework.boot.test.json.DuplicateJsonObjectContextCustomizerFactory$DuplicateJsonObjectContextCustomizer@75329a49, org.springframework.boot.test.mock.mockito.MockitoContextCustomizer@0, org.springframework.boot.test.web.client.TestRestTemplateContextCustomizer@65466a6a, org.springframework.boot.test.autoconfigure.properties.PropertyMappingContextCustomizer@e7e8512, org.springframework.boot.test.autoconfigure.web.servlet.WebDriverContextCustomizerFactory$Customizer@6fe7aac8], resourceBasePath = 'src/main/webapp', contextLoader = 'org.springframework.boot.test.context.SpringBootContextLoader', parent = [null]], attributes = map['org.springframework.test.context.web.ServletTestExecutionListener.activateListener' -> true]], class annotated with @DirtiesContext [false] with mode [null].
20:09:59.360 [main] DEBUG org.springframework.test.annotation.ProfileValueUtils - Retrieved @ProfileValueSourceConfiguration [null] for test class [com.examly.springapp.SpringApplicationTests]
20:09:59.360 [main] DEBUG org.springframework.test.annotation.ProfileValueUtils - Retrieved ProfileValueSource type [class org.springframework.test.annotation.SystemProfileValueSource] for class [com.examly.springapp.SpringApplicationTests]
20:09:59.425 [main] DEBUG org.springframework.test.context.support.TestPropertySourceUtils - Adding inlined properties to environment: {spring.jmx.enabled=false, org.springframework.boot.test.context.SpringBootTestContextBootstrapper=true, server.port=-1}

  .   ____          _            __ _ _
 /\\ / ___'_ __ _ _(_)_ __  __ _ \ \ \ \
( ( )\___ | '_ | '_| | '_ \/ _` | \ \ \ \
 \\/  ___)| |_)| | | | | || (_| |  ) ) ) )
  '  |____| .__|_| |_|_| |_\__, | / / / /
 =========|_|==============|___/=/_/_/_/
 :: Spring Boot ::       (v2.1.15.RELEASE)

2023-08-08 20:10:00.075  INFO 14461 --- [           main] c.e.springapp.SpringApplicationTests     : Starting SpringApplicationTests on dabfbefbadeffeaaeccacadaffcfdfbfceafaedc-0 with PID 14461 (started by coder in /home/coder/project/workspace/springapp)
2023-08-08 20:10:00.121  INFO 14461 --- [           main] c.e.springapp.SpringApplicationTests     : No active profile set, falling back to default profiles: default
2023-08-08 20:10:01.677  INFO 14461 --- [           main] .s.d.r.c.RepositoryConfigurationDelegate : Bootstrapping Spring Data JPA repositories in DEFAULT mode.
2023-08-08 20:10:01.742  INFO 14461 --- [           main] .s.d.r.c.RepositoryConfigurationDelegate : Finished Spring Data repository scanning in 15ms. Found 0 JPA repository interfaces.
2023-08-08 20:10:02.687  INFO 14461 --- [           main] com.zaxxer.hikari.HikariDataSource       : HikariPool-1 - Starting...
2023-08-08 20:10:02.946  INFO 14461 --- [           main] com.zaxxer.hikari.HikariDataSource       : HikariPool-1 - Start completed.
2023-08-08 20:10:03.082  INFO 14461 --- [           main] o.hibernate.jpa.internal.util.LogHelper  : HHH000204: Processing PersistenceUnitInfo [
	name: default
	...]
2023-08-08 20:10:03.184  INFO 14461 --- [           main] org.hibernate.Version                    : HHH000412: Hibernate Core {5.3.17.Final}
2023-08-08 20:10:03.186  INFO 14461 --- [           main] org.hibernate.cfg.Environment            : HHH000206: hibernate.properties not found
2023-08-08 20:10:03.468  INFO 14461 --- [           main] o.hibernate.annotations.common.Version   : HCANN000001: Hibernate Commons Annotations {5.0.4.Final}
2023-08-08 20:10:03.657  INFO 14461 --- [           main] org.hibernate.dialect.Dialect            : HHH000400: Using dialect: org.hibernate.dialect.MySQL5InnoDBDialect
2023-08-08 20:10:03.908  INFO 14461 --- [           main] j.LocalContainerEntityManagerFactoryBean : Initialized JPA EntityManagerFactory for persistence unit 'default'
2023-08-08 20:10:04.735  INFO 14461 --- [           main] o.s.s.concurrent.ThreadPoolTaskExecutor  : Initializing ExecutorService 'applicationTaskExecutor'
2023-08-08 20:10:04.820  WARN 14461 --- [           main] aWebConfiguration$JpaWebMvcConfiguration : spring.jpa.open-in-view is enabled by default. Therefore, database queries may be performed during view rendering. Explicitly configure spring.jpa.open-in-view to disable this warning
2023-08-08 20:10:05.226  INFO 14461 --- [           main] o.s.b.t.m.w.SpringBootMockServletContext : Initializing Spring TestDispatcherServlet ''
2023-08-08 20:10:05.226  INFO 14461 --- [           main] o.s.t.web.servlet.TestDispatcherServlet  : Initializing Servlet ''
2023-08-08 20:10:05.238  INFO 14461 --- [           main] o.s.t.web.servlet.TestDispatcherServlet  : Completed initialization in 11 ms
2023-08-08 20:10:05.265  INFO 14461 --- [           main] c.e.springapp.SpringApplicationTests     : Started SpringApplicationTests in 5.828 seconds (JVM running for 7.309)

MockHttpServletRequest:
      HTTP Method = POST
      Request URI = /saveTask
       Parameters = {}
          Headers = [Content-Type:"application/json;charset=UTF-8", Accept:"application/json"]
             Body = {"taskId":"12211","taskHolderName":"Gowthaman M","taskDate":"4/15/2021","taskName":"Spring Projects","taskStatus":"In Progress"}
    Session Attrs = {}

Handler:
             Type = org.springframework.web.servlet.resource.ResourceHttpRequestHandler

Async:
    Async started = false
     Async result = null

Resolved Exception:
             Type = null

ModelAndView:
        View name = null
             View = null
            Model = null

FlashMap:
       Attributes = null

MockHttpServletResponse:
           Status = 404
    Error message = null
          Headers = []
     Content type = null
             Body = 
    Forwarded URL = null
   Redirected URL = null
          Cookies = []
]]></system-out>
  </testcase>
  <testcase name="test_case2" classname="com.examly.springapp.SpringApplicationTests" time="0.006">
    <failure message="Status expected:&lt;200&gt; but was:&lt;404&gt;" type="java.lang.AssertionError"><![CDATA[java.lang.AssertionError: Status expected:<200> but was:<404>
	at com.examly.springapp.SpringApplicationTests.test_case2(SpringApplicationTests.java:47)
]]></failure>
    <system-out><![CDATA[
MockHttpServletRequest:
      HTTP Method = GET
      Request URI = /alltasks
       Parameters = {}
          Headers = [Content-Type:"application/json;charset=UTF-8", Accept:"application/json"]
             Body = null
    Session Attrs = {}

Handler:
             Type = org.springframework.web.servlet.resource.ResourceHttpRequestHandler

Async:
    Async started = false
     Async result = null

Resolved Exception:
             Type = null

ModelAndView:
        View name = null
             View = null
            Model = null

FlashMap:
       Attributes = null

MockHttpServletResponse:
           Status = 404
    Error message = null
          Headers = []
     Content type = null
             Body = 
    Forwarded URL = null
   Redirected URL = null
          Cookies = []
]]></system-out>
  </testcase>
  <testcase name="test_case3" classname="com.examly.springapp.SpringApplicationTests" time="0.015">
    <failure message="Status expected:&lt;200&gt; but was:&lt;404&gt;" type="java.lang.AssertionError"><![CDATA[java.lang.AssertionError: Status expected:<200> but was:<404>
	at com.examly.springapp.SpringApplicationTests.test_case3(SpringApplicationTests.java:62)
]]></failure>
    <system-out><![CDATA[
MockHttpServletRequest:
      HTTP Method = GET
      Request URI = /getTask
       Parameters = {taskId=[12211]}
          Headers = [Content-Type:"application/json;charset=UTF-8", Accept:"application/json"]
             Body = null
    Session Attrs = {}

Handler:
             Type = org.springframework.web.servlet.resource.ResourceHttpRequestHandler

Async:
    Async started = false
     Async result = null

Resolved Exception:
             Type = null

ModelAndView:
        View name = null
             View = null
            Model = null

FlashMap:
       Attributes = null

MockHttpServletResponse:
           Status = 404
    Error message = null
          Headers = []
     Content type = null
             Body = 
    Forwarded URL = null
   Redirected URL = null
          Cookies = []
]]></system-out>
  </testcase>
  <testcase name="test_case4" classname="com.examly.springapp.SpringApplicationTests" time="0.009">
    <failure message="Status expected:&lt;200&gt; but was:&lt;404&gt;" type="java.lang.AssertionError"><![CDATA[java.lang.AssertionError: Status expected:<200> but was:<404>
	at com.examly.springapp.SpringApplicationTests.test_case4(SpringApplicationTests.java:79)
]]></failure>
    <system-out><![CDATA[
MockHttpServletRequest:
      HTTP Method = GET
      Request URI = /deleteTask
       Parameters = {taskId=[12211]}
          Headers = [Content-Type:"application/json;charset=UTF-8", Accept:"application/json"]
             Body = null
    Session Attrs = {}

Handler:
             Type = org.springframework.web.servlet.resource.ResourceHttpRequestHandler

Async:
    Async started = false
     Async result = null

Resolved Exception:
             Type = null

ModelAndView:
        View name = null
             View = null
            Model = null

FlashMap:
       Attributes = null

MockHttpServletResponse:
           Status = 404
    Error message = null
          Headers = []
     Content type = null
             Body = 
    Forwarded URL = null
   Redirected URL = null
          Cookies = []
]]></system-out>
  </testcase>
</testsuite>